<?xml version="1.0" encoding="UTF-8" ?>
<testsuite failures="0" time="1.878" errors="0" skipped="0" tests="1" name="com.joshlong.esb.springintegration.modules.social.twitter.TwitterIntegrationTest">
  <properties>
    <property name="java.runtime.name" value="Java(TM) SE Runtime Environment"/>
    <property name="sun.boot.library.path" value="/usr/lib/jvm/java-6-sun-1.6.0.16/jre/lib/amd64"/>
    <property name="java.vm.version" value="14.2-b01"/>
    <property name="java.vm.vendor" value="Sun Microsystems Inc."/>
    <property name="java.vendor.url" value="http://java.sun.com/"/>
    <property name="path.separator" value=":"/>
    <property name="java.vm.name" value="Java HotSpot(TM) 64-Bit Server VM"/>
    <property name="file.encoding.pkg" value="sun.io"/>
    <property name="user.country" value="US"/>
    <property name="sun.java.launcher" value="SUN_STANDARD"/>
    <property name="sun.os.patch.level" value="unknown"/>
    <property name="java.vm.specification.name" value="Java Virtual Machine Specification"/>
    <property name="user.dir" value="/home/jlong/Desktop/si_extensions_testbed/springintegration"/>
    <property name="java.runtime.version" value="1.6.0_16-b01"/>
    <property name="java.awt.graphicsenv" value="sun.awt.X11GraphicsEnvironment"/>
    <property name="basedir" value="/home/jlong/Desktop/si_extensions_testbed/springintegration"/>
    <property name="java.endorsed.dirs" value="/usr/lib/jvm/java-6-sun-1.6.0.16/jre/lib/endorsed"/>
    <property name="os.arch" value="amd64"/>
    <property name="surefire.real.class.path" value="/tmp/surefirebooter7761092643278720497.jar"/>
    <property name="java.io.tmpdir" value="/tmp"/>
    <property name="line.separator" value="
"/>
    <property name="java.vm.specification.vendor" value="Sun Microsystems Inc."/>
    <property name="os.name" value="Linux"/>
    <property name="sun.jnu.encoding" value="UTF-8"/>
    <property name="java.library.path" value="/usr/lib/jvm/java-6-sun-1.6.0.16/jre/lib/amd64/server:/usr/lib/jvm/java-6-sun-1.6.0.16/jre/lib/amd64:/usr/lib/jvm/java-6-sun-1.6.0.16/jre/../lib/amd64:/usr/java/packages/lib/amd64:/lib:/usr/lib"/>
    <property name="surefire.test.class.path" value="/home/jlong/Desktop/si_extensions_testbed/springintegration/target/test-classes:/home/jlong/Desktop/si_extensions_testbed/springintegration/target/classes:/home/jlong/mvn_repos/com/jcraft/jsch/0.1.42/jsch-0.1.42.jar:/home/jlong/mvn_repos/apache-vfs/commons-vfs/1.0-dev/commons-vfs-1.0-dev.jar:/home/jlong/Desktop/si_extensions_testbed/pingfm4j/target/pingfm4j-1.0-SNAPSHOT.jar:/home/jlong/mvn_repos/log4j/log4j/1.2.14/log4j-1.2.14.jar:/home/jlong/mvn_repos/junit/junit/4.7/junit-4.7.jar:/home/jlong/mvn_repos/commons-logging/commons-logging/1.1.1/commons-logging-1.1.1.jar:/home/jlong/mvn_repos/org/jdom/jdom/1.1/jdom-1.1.jar:/home/jlong/mvn_repos/commons-httpclient/commons-httpclient/3.0.1/commons-httpclient-3.0.1.jar:/home/jlong/mvn_repos/commons-codec/commons-codec/1.2/commons-codec-1.2.jar:/home/jlong/mvn_repos/org/springframework/spring-core/3.0.0.RELEASE/spring-core-3.0.0.RELEASE.jar:/home/jlong/mvn_repos/org/springframework/spring-asm/3.0.0.RELEASE/spring-asm-3.0.0.RELEASE.jar:/home/jlong/mvn_repos/javax/persistence/persistence-api/1.0/persistence-api-1.0.jar:/home/jlong/mvn_repos/commons-lang/commons-lang/2.2/commons-lang-2.2.jar:/home/jlong/mvn_repos/javax/mail/mail/1.4/mail-1.4.jar:/home/jlong/mvn_repos/javax/activation/activation/1.1/activation-1.1.jar:/home/jlong/mvn_repos/commons-fileupload/commons-fileupload/1.1/commons-fileupload-1.1.jar:/home/jlong/mvn_repos/commons-io/commons-io/1.3/commons-io-1.3.jar:/home/jlong/mvn_repos/jdom/jdom/1.0/jdom-1.0.jar:/home/jlong/mvn_repos/commons-beanutils/commons-beanutils/1.7.0/commons-beanutils-1.7.0.jar:/home/jlong/mvn_repos/c3p0/c3p0/0.9.0.4/c3p0-0.9.0.4.jar:/home/jlong/mvn_repos/org/springframework/spring-expression/3.0.0.RELEASE/spring-expression-3.0.0.RELEASE.jar:/home/jlong/mvn_repos/org/springframework/spring-test/3.0.0.RELEASE/spring-test-3.0.0.RELEASE.jar:/home/jlong/mvn_repos/org/springframework/spring-instrument/3.0.0.RELEASE/spring-instrument-3.0.0.RELEASE.jar:/home/jlong/mvn_repos/org/springframework/spring-tx/3.0.0.RELEASE/spring-tx-3.0.0.RELEASE.jar:/home/jlong/mvn_repos/aopalliance/aopalliance/1.0/aopalliance-1.0.jar:/home/jlong/mvn_repos/org/springframework/spring-aop/3.0.0.RELEASE/spring-aop-3.0.0.RELEASE.jar:/home/jlong/mvn_repos/org/springframework/spring-beans/3.0.0.RELEASE/spring-beans-3.0.0.RELEASE.jar:/home/jlong/mvn_repos/org/springframework/spring-context/3.0.0.RELEASE/spring-context-3.0.0.RELEASE.jar:/home/jlong/mvn_repos/org/springframework/spring-jms/3.0.0.RELEASE/spring-jms-3.0.0.RELEASE.jar:/home/jlong/mvn_repos/org/springframework/spring-oxm/3.0.0.RELEASE/spring-oxm-3.0.0.RELEASE.jar:/home/jlong/mvn_repos/org/springframework/spring-orm/3.0.0.RELEASE/spring-orm-3.0.0.RELEASE.jar:/home/jlong/mvn_repos/org/springframework/spring-jdbc/3.0.0.RELEASE/spring-jdbc-3.0.0.RELEASE.jar:/home/jlong/mvn_repos/org/springframework/spring-context-support/3.0.0.RELEASE/spring-context-support-3.0.0.RELEASE.jar:/home/jlong/mvn_repos/javax/annotation/jsr250-api/1.0/jsr250-api-1.0.jar:/home/jlong/mvn_repos/javax/transaction/jta/1.0.1B/jta-1.0.1B.jar:/home/jlong/mvn_repos/commons-collections/commons-collections/3.2.1/commons-collections-3.2.1.jar:/home/jlong/mvn_repos/org/springframework/spring-aspects/3.0.0.RELEASE/spring-aspects-3.0.0.RELEASE.jar:/home/jlong/mvn_repos/commons-digester/commons-digester/1.7/commons-digester-1.7.jar:/home/jlong/mvn_repos/xml-apis/xml-apis/1.0.b2/xml-apis-1.0.b2.jar:/home/jlong/mvn_repos/org/springframework/integration/spring-integration-core/1.0.3.RELEASE/spring-integration-core-1.0.3.RELEASE.jar:/home/jlong/mvn_repos/org/springframework/integration/spring-integration-httpinvoker/1.0.3.RELEASE/spring-integration-httpinvoker-1.0.3.RELEASE.jar:/home/jlong/mvn_repos/org/springframework/spring-web/2.5.6/spring-web-2.5.6.jar:/home/jlong/mvn_repos/org/springframework/integration/spring-integration-adapter/1.0.3.RELEASE/spring-integration-adapter-1.0.3.RELEASE.jar:/home/jlong/mvn_repos/org/springframework/integration/spring-integration-file/1.0.3.RELEASE/spring-integration-file-1.0.3.RELEASE.jar:/home/jlong/mvn_repos/org/springframework/integration/spring-integration-jms/1.0.3.RELEASE/spring-integration-jms-1.0.3.RELEASE.jar:/home/jlong/mvn_repos/org/apache/maven/wagon/wagon-ftp/1.0-alpha-6/wagon-ftp-1.0-alpha-6.jar:/home/jlong/mvn_repos/commons-net/commons-net/1.4.1/commons-net-1.4.1.jar:/home/jlong/mvn_repos/oro/oro/2.0.8/oro-2.0.8.jar:/home/jlong/mvn_repos/org/apache/maven/wagon/wagon-provider-api/1.0-alpha-6/wagon-provider-api-1.0-alpha-6.jar:/home/jlong/mvn_repos/org/codehaus/plexus/plexus-utils/1.0.4/plexus-utils-1.0.4.jar:/home/jlong/mvn_repos/org/apache/maven/wagon/wagon-ssh/1.0-alpha-6/wagon-ssh-1.0-alpha-6.jar:/home/jlong/mvn_repos/org/codehaus/plexus/plexus-interactivity-api/1.0-alpha-4/plexus-interactivity-api-1.0-alpha-4.jar:/home/jlong/mvn_repos/org/codehaus/plexus/plexus-container-default/1.0-alpha-7/plexus-container-default-1.0-alpha-7.jar:/home/jlong/mvn_repos/plexus/plexus-utils/1.0.2/plexus-utils-1.0.2.jar:/home/jlong/mvn_repos/classworlds/classworlds/1.1-alpha-2/classworlds-1.1-alpha-2.jar:/home/jlong/mvn_repos/net/homeip/yusuke/twitter4j/2.0.8/twitter4j-2.0.8.jar:/home/jlong/mvn_repos/org/slf4j/nlog4j/1.2.25/nlog4j-1.2.25.jar:/home/jlong/mvn_repos/rome/rome/0.9/rome-0.9.jar:"/>
    <property name="java.specification.name" value="Java Platform API Specification"/>
    <property name="java.class.version" value="50.0"/>
    <property name="sun.management.compiler" value="HotSpot 64-Bit Server Compiler"/>
    <property name="os.version" value="2.6.31-17-generic"/>
    <property name="user.home" value="/home/jlong"/>
    <property name="user.timezone" value="US/Pacific"/>
    <property name="java.awt.printerjob" value="sun.print.PSPrinterJob"/>
    <property name="file.encoding" value="UTF-8"/>
    <property name="java.specification.version" value="1.6"/>
    <property name="user.name" value="jlong"/>
    <property name="java.class.path" value="/home/jlong/Desktop/si_extensions_testbed/springintegration/target/test-classes:/home/jlong/Desktop/si_extensions_testbed/springintegration/target/classes:/home/jlong/mvn_repos/com/jcraft/jsch/0.1.42/jsch-0.1.42.jar:/home/jlong/mvn_repos/apache-vfs/commons-vfs/1.0-dev/commons-vfs-1.0-dev.jar:/home/jlong/Desktop/si_extensions_testbed/pingfm4j/target/pingfm4j-1.0-SNAPSHOT.jar:/home/jlong/mvn_repos/log4j/log4j/1.2.14/log4j-1.2.14.jar:/home/jlong/mvn_repos/junit/junit/4.7/junit-4.7.jar:/home/jlong/mvn_repos/commons-logging/commons-logging/1.1.1/commons-logging-1.1.1.jar:/home/jlong/mvn_repos/org/jdom/jdom/1.1/jdom-1.1.jar:/home/jlong/mvn_repos/commons-httpclient/commons-httpclient/3.0.1/commons-httpclient-3.0.1.jar:/home/jlong/mvn_repos/commons-codec/commons-codec/1.2/commons-codec-1.2.jar:/home/jlong/mvn_repos/org/springframework/spring-core/3.0.0.RELEASE/spring-core-3.0.0.RELEASE.jar:/home/jlong/mvn_repos/org/springframework/spring-asm/3.0.0.RELEASE/spring-asm-3.0.0.RELEASE.jar:/home/jlong/mvn_repos/javax/persistence/persistence-api/1.0/persistence-api-1.0.jar:/home/jlong/mvn_repos/commons-lang/commons-lang/2.2/commons-lang-2.2.jar:/home/jlong/mvn_repos/javax/mail/mail/1.4/mail-1.4.jar:/home/jlong/mvn_repos/javax/activation/activation/1.1/activation-1.1.jar:/home/jlong/mvn_repos/commons-fileupload/commons-fileupload/1.1/commons-fileupload-1.1.jar:/home/jlong/mvn_repos/commons-io/commons-io/1.3/commons-io-1.3.jar:/home/jlong/mvn_repos/jdom/jdom/1.0/jdom-1.0.jar:/home/jlong/mvn_repos/commons-beanutils/commons-beanutils/1.7.0/commons-beanutils-1.7.0.jar:/home/jlong/mvn_repos/c3p0/c3p0/0.9.0.4/c3p0-0.9.0.4.jar:/home/jlong/mvn_repos/org/springframework/spring-expression/3.0.0.RELEASE/spring-expression-3.0.0.RELEASE.jar:/home/jlong/mvn_repos/org/springframework/spring-test/3.0.0.RELEASE/spring-test-3.0.0.RELEASE.jar:/home/jlong/mvn_repos/org/springframework/spring-instrument/3.0.0.RELEASE/spring-instrument-3.0.0.RELEASE.jar:/home/jlong/mvn_repos/org/springframework/spring-tx/3.0.0.RELEASE/spring-tx-3.0.0.RELEASE.jar:/home/jlong/mvn_repos/aopalliance/aopalliance/1.0/aopalliance-1.0.jar:/home/jlong/mvn_repos/org/springframework/spring-aop/3.0.0.RELEASE/spring-aop-3.0.0.RELEASE.jar:/home/jlong/mvn_repos/org/springframework/spring-beans/3.0.0.RELEASE/spring-beans-3.0.0.RELEASE.jar:/home/jlong/mvn_repos/org/springframework/spring-context/3.0.0.RELEASE/spring-context-3.0.0.RELEASE.jar:/home/jlong/mvn_repos/org/springframework/spring-jms/3.0.0.RELEASE/spring-jms-3.0.0.RELEASE.jar:/home/jlong/mvn_repos/org/springframework/spring-oxm/3.0.0.RELEASE/spring-oxm-3.0.0.RELEASE.jar:/home/jlong/mvn_repos/org/springframework/spring-orm/3.0.0.RELEASE/spring-orm-3.0.0.RELEASE.jar:/home/jlong/mvn_repos/org/springframework/spring-jdbc/3.0.0.RELEASE/spring-jdbc-3.0.0.RELEASE.jar:/home/jlong/mvn_repos/org/springframework/spring-context-support/3.0.0.RELEASE/spring-context-support-3.0.0.RELEASE.jar:/home/jlong/mvn_repos/javax/annotation/jsr250-api/1.0/jsr250-api-1.0.jar:/home/jlong/mvn_repos/javax/transaction/jta/1.0.1B/jta-1.0.1B.jar:/home/jlong/mvn_repos/commons-collections/commons-collections/3.2.1/commons-collections-3.2.1.jar:/home/jlong/mvn_repos/org/springframework/spring-aspects/3.0.0.RELEASE/spring-aspects-3.0.0.RELEASE.jar:/home/jlong/mvn_repos/commons-digester/commons-digester/1.7/commons-digester-1.7.jar:/home/jlong/mvn_repos/xml-apis/xml-apis/1.0.b2/xml-apis-1.0.b2.jar:/home/jlong/mvn_repos/org/springframework/integration/spring-integration-core/1.0.3.RELEASE/spring-integration-core-1.0.3.RELEASE.jar:/home/jlong/mvn_repos/org/springframework/integration/spring-integration-httpinvoker/1.0.3.RELEASE/spring-integration-httpinvoker-1.0.3.RELEASE.jar:/home/jlong/mvn_repos/org/springframework/spring-web/2.5.6/spring-web-2.5.6.jar:/home/jlong/mvn_repos/org/springframework/integration/spring-integration-adapter/1.0.3.RELEASE/spring-integration-adapter-1.0.3.RELEASE.jar:/home/jlong/mvn_repos/org/springframework/integration/spring-integration-file/1.0.3.RELEASE/spring-integration-file-1.0.3.RELEASE.jar:/home/jlong/mvn_repos/org/springframework/integration/spring-integration-jms/1.0.3.RELEASE/spring-integration-jms-1.0.3.RELEASE.jar:/home/jlong/mvn_repos/org/apache/maven/wagon/wagon-ftp/1.0-alpha-6/wagon-ftp-1.0-alpha-6.jar:/home/jlong/mvn_repos/commons-net/commons-net/1.4.1/commons-net-1.4.1.jar:/home/jlong/mvn_repos/oro/oro/2.0.8/oro-2.0.8.jar:/home/jlong/mvn_repos/org/apache/maven/wagon/wagon-provider-api/1.0-alpha-6/wagon-provider-api-1.0-alpha-6.jar:/home/jlong/mvn_repos/org/codehaus/plexus/plexus-utils/1.0.4/plexus-utils-1.0.4.jar:/home/jlong/mvn_repos/org/apache/maven/wagon/wagon-ssh/1.0-alpha-6/wagon-ssh-1.0-alpha-6.jar:/home/jlong/mvn_repos/org/codehaus/plexus/plexus-interactivity-api/1.0-alpha-4/plexus-interactivity-api-1.0-alpha-4.jar:/home/jlong/mvn_repos/org/codehaus/plexus/plexus-container-default/1.0-alpha-7/plexus-container-default-1.0-alpha-7.jar:/home/jlong/mvn_repos/plexus/plexus-utils/1.0.2/plexus-utils-1.0.2.jar:/home/jlong/mvn_repos/classworlds/classworlds/1.1-alpha-2/classworlds-1.1-alpha-2.jar:/home/jlong/mvn_repos/net/homeip/yusuke/twitter4j/2.0.8/twitter4j-2.0.8.jar:/home/jlong/mvn_repos/org/slf4j/nlog4j/1.2.25/nlog4j-1.2.25.jar:/home/jlong/mvn_repos/rome/rome/0.9/rome-0.9.jar:"/>
    <property name="java.vm.specification.version" value="1.0"/>
    <property name="sun.arch.data.model" value="64"/>
    <property name="java.home" value="/usr/lib/jvm/java-6-sun-1.6.0.16/jre"/>
    <property name="java.specification.vendor" value="Sun Microsystems Inc."/>
    <property name="user.language" value="en"/>
    <property name="java.vm.info" value="mixed mode"/>
    <property name="java.version" value="1.6.0_16"/>
    <property name="java.ext.dirs" value="/usr/lib/jvm/java-6-sun-1.6.0.16/jre/lib/ext:/usr/java/packages/lib/ext"/>
    <property name="sun.boot.class.path" value="/usr/lib/jvm/java-6-sun-1.6.0.16/jre/lib/resources.jar:/usr/lib/jvm/java-6-sun-1.6.0.16/jre/lib/rt.jar:/usr/lib/jvm/java-6-sun-1.6.0.16/jre/lib/sunrsasign.jar:/usr/lib/jvm/java-6-sun-1.6.0.16/jre/lib/jsse.jar:/usr/lib/jvm/java-6-sun-1.6.0.16/jre/lib/jce.jar:/usr/lib/jvm/java-6-sun-1.6.0.16/jre/lib/charsets.jar:/usr/lib/jvm/java-6-sun-1.6.0.16/jre/classes"/>
    <property name="java.vendor" value="Sun Microsystems Inc."/>
    <property name="localRepository" value="/home/jlong/mvn_repos"/>
    <property name="file.separator" value="/"/>
    <property name="java.vendor.url.bug" value="http://java.sun.com/cgi-bin/bugreport.cgi"/>
    <property name="sun.cpu.endian" value="little"/>
    <property name="sun.io.unicode.encoding" value="UnicodeLittle"/>
    <property name="sun.desktop" value="gnome"/>
    <property name="sun.cpu.isalist" value=""/>
  </properties>
  <testcase time="1.861" classname="com.joshlong.esb.springintegration.modules.social.twitter.TwitterIntegrationTest" name="testRecievingMessages"/>
</testsuite>